<component name="libraryTable">
  <library name="junit-4.10">
    <CLASSES>
      <root url="jar://C:/Program Files/Java/JUnit/junit-4.10.jar!/" />
    </CLASSES>
    <JAVADOC />
    <SOURCES />
  </library>
</component>